<?xml version="1.0" encoding="UTF-8"?>
<!-- Generated by org.testng.reporters.JUnitReportReporter -->
<testsuite hostname="DESKTOP-IT8112N" failures="0" tests="1" name="testcase.Database" time="1.299" errors="0" timestamp="2022-10-15T13:15:58 IST" skipped="0">
  <testcase classname="testcase.Database" name="Dele" time="1.299"/>
  <system-out/>
</testsuite> <!-- testcase.Database -->
