<?xml version="1.0" encoding="UTF-8"?>
<!-- Generated by org.testng.reporters.JUnitReportReporter -->
<testsuite hostname="DESKTOP-IT8112N" failures="0" tests="1" name="testcase.POST_REQUEST" time="2.389" errors="0" timestamp="2022-10-15T12:55:45 IST" skipped="0">
  <testcase classname="testcase.POST_REQUEST" name="DELETE" time="2.389"/>
  <system-out/>
</testsuite> <!-- testcase.POST_REQUEST -->
